# JRE version: 7.0_21-b12
# Java VM: Java HotSpot(TM) 64-Bit Server VM (23.21-b01 mixed mode bsd-amd64 compressed oops)
Heap
 def new generation   total 12096K, used 8352K [0x00000007edc00000, 0x00000007ee920000, 0x00000007f2200000)
  eden space 10752K,  77% used [0x00000007edc00000, 0x00000007ee428228, 0x00000007ee680000)
  from space 1344K,   0% used [0x00000007ee680000, 0x00000007ee680000, 0x00000007ee7d0000)
  to   space 1344K,   0% used [0x00000007ee7d0000, 0x00000007ee7d0000, 0x00000007ee920000)
 tenured generation   total 26748K, used 16047K [0x00000007f2200000, 0x00000007f3c1f000, 0x00000007fae00000)
   the space 26748K,  59% used [0x00000007f2200000, 0x00000007f31abff8, 0x00000007f31ac000, 0x00000007f3c1f000)
 compacting perm gen  total 21248K, used 15691K [0x00000007fae00000, 0x00000007fc2c0000, 0x0000000800000000)
   the space 21248K,  73% used [0x00000007fae00000, 0x00000007fbd52eb0, 0x00000007fbd53000, 0x00000007fc2c0000)
GC Heap History (10 events):
Event: 5.503 GC heap before
{Heap before GC invocations=23 (full 1):
 def new generation   total 7040K, used 6638K [0x00000007edc00000, 0x00000007ee3a0000, 0x00000007f2200000)
  eden space 6272K, 100% used [0x00000007edc00000, 0x00000007ee220000, 0x00000007ee220000)
  from space 768K,  47% used [0x00000007ee220000, 0x00000007ee27ba48, 0x00000007ee2e0000)
  to   space 768K,   0% used [0x00000007ee2e0000, 0x00000007ee2e0000, 0x00000007ee3a0000)
 tenured generation   total 15576K, used 12636K [0x00000007f2200000, 0x00000007f3136000, 0x00000007fae00000)
   the space 15576K,  81% used [0x00000007f2200000, 0x00000007f2e570d0, 0x00000007f2e57200, 0x00000007f3136000)
 compacting perm gen  total 21248K, used 13400K [0x00000007fae00000, 0x00000007fc2c0000, 0x0000000800000000)
   the space 21248K,  63% used [0x00000007fae00000, 0x00000007fbb16038, 0x00000007fbb16200, 0x00000007fc2c0000)
No shared spaces configured.
Event: 5.504 GC heap after
Heap after GC invocations=24 (full 1):
 def new generation   total 7040K, used 196K [0x00000007edc00000, 0x00000007ee3a0000, 0x00000007f2200000)
  eden space 6272K,   0% used [0x00000007edc00000, 0x00000007edc00000, 0x00000007ee220000)
  from space 768K,  25% used [0x00000007ee2e0000, 0x00000007ee3111c0, 0x00000007ee3a0000)
  to   space 768K,   0% used [0x00000007ee220000, 0x00000007ee220000, 0x00000007ee2e0000)
 tenured generation   total 15576K, used 12637K [0x00000007f2200000, 0x00000007f3136000, 0x00000007fae00000)
   the space 15576K,  81% used [0x00000007f2200000, 0x00000007f2e577a8, 0x00000007f2e57800, 0x00000007f3136000)
 compacting perm gen  total 21248K, used 13400K [0x00000007fae00000, 0x00000007fc2c0000, 0x0000000800000000)
   the space 21248K,  63% used [0x00000007fae00000, 0x00000007fbb16038, 0x00000007fbb16200, 0x00000007fc2c0000)
No shared spaces configured.
}
Event: 5.632 GC heap before
{Heap before GC invocations=24 (full 1):
 def new generation   total 7040K, used 6468K [0x00000007edc00000, 0x00000007ee3a0000, 0x00000007f2200000)
  eden space 6272K, 100% used [0x00000007edc00000, 0x00000007ee220000, 0x00000007ee220000)
  from space 768K,  25% used [0x00000007ee2e0000, 0x00000007ee3111c0, 0x00000007ee3a0000)
  to   space 768K,   0% used [0x00000007ee220000, 0x00000007ee220000, 0x00000007ee2e0000)
 tenured generation   total 15576K, used 12637K [0x00000007f2200000, 0x00000007f3136000, 0x00000007fae00000)
   the space 15576K,  81% used [0x00000007f2200000, 0x00000007f2e577a8, 0x00000007f2e57800, 0x00000007f3136000)
 compacting perm gen  total 21248K, used 13404K [0x00000007fae00000, 0x00000007fc2c0000, 0x0000000800000000)
   the space 21248K,  63% used [0x00000007fae00000, 0x00000007fbb17238, 0x00000007fbb17400, 0x00000007fc2c0000)
No shared spaces configured.
Event: 5.633 GC heap after
Heap after GC invocations=25 (full 1):
 def new generation   total 7040K, used 224K [0x00000007edc00000, 0x00000007ee3a0000, 0x00000007f2200000)
  eden space 6272K,   0% used [0x00000007edc00000, 0x00000007edc00000, 0x00000007ee220000)
  from space 768K,  29% used [0x00000007ee220000, 0x00000007ee2581f8, 0x00000007ee2e0000)
  to   space 768K,   0% used [0x00000007ee2e0000, 0x00000007ee2e0000, 0x00000007ee3a0000)
 tenured generation   total 15576K, used 12638K [0x00000007f2200000, 0x00000007f3136000, 0x00000007fae00000)
   the space 15576K,  81% used [0x00000007f2200000, 0x00000007f2e57b38, 0x00000007f2e57c00, 0x00000007f3136000)
 compacting perm gen  total 21248K, used 13404K [0x00000007fae00000, 0x00000007fc2c0000, 0x0000000800000000)
   the space 21248K,  63% used [0x00000007fae00000, 0x00000007fbb17238, 0x00000007fbb17400, 0x00000007fc2c0000)
No shared spaces configured.
}
Event: 5.834 GC heap before
{Heap before GC invocations=25 (full 1):
 def new generation   total 7040K, used 6496K [0x00000007edc00000, 0x00000007ee3a0000, 0x00000007f2200000)
  eden space 6272K, 100% used [0x00000007edc00000, 0x00000007ee220000, 0x00000007ee220000)
  from space 768K,  29% used [0x00000007ee220000, 0x00000007ee2581f8, 0x00000007ee2e0000)
  to   space 768K,   0% used [0x00000007ee2e0000, 0x00000007ee2e0000, 0x00000007ee3a0000)
 tenured generation   total 15576K, used 12638K [0x00000007f2200000, 0x00000007f3136000, 0x00000007fae00000)
   the space 15576K,  81% used [0x00000007f2200000, 0x00000007f2e57b38, 0x00000007f2e57c00, 0x00000007f3136000)
 compacting perm gen  total 21248K, used 13408K [0x00000007fae00000, 0x00000007fc2c0000, 0x0000000800000000)
   the space 21248K,  63% used [0x00000007fae00000, 0x00000007fbb18180, 0x00000007fbb18200, 0x00000007fc2c0000)
No shared spaces configured.
Event: 5.836 GC heap after
Heap after GC invocations=26 (full 1):
 def new generation   total 7040K, used 223K [0x00000007edc00000, 0x00000007ee3a0000, 0x00000007f2200000)
  eden space 6272K,   0% used [0x00000007edc00000, 0x00000007edc00000, 0x00000007ee220000)
  from space 768K,  29% used [0x00000007ee2e0000, 0x00000007ee317d30, 0x00000007ee3a0000)
  to   space 768K,   0% used [0x00000007ee220000, 0x00000007ee220000, 0x00000007ee2e0000)
 tenured generation   total 15576K, used 12639K [0x00000007f2200000, 0x00000007f3136000, 0x00000007fae00000)
   the space 15576K,  81% used [0x00000007f2200000, 0x00000007f2e57dd8, 0x00000007f2e57e00, 0x00000007f3136000)
 compacting perm gen  total 21248K, used 13408K [0x00000007fae00000, 0x00000007fc2c0000, 0x0000000800000000)
   the space 21248K,  63% used [0x00000007fae00000, 0x00000007fbb18180, 0x00000007fbb18200, 0x00000007fc2c0000)
No shared spaces configured.
}
Event: 6.026 GC heap before
{Heap before GC invocations=26 (full 1):
 def new generation   total 7040K, used 6495K [0x00000007edc00000, 0x00000007ee3a0000, 0x00000007f2200000)
  eden space 6272K, 100% used [0x00000007edc00000, 0x00000007ee220000, 0x00000007ee220000)
  from space 768K,  29% used [0x00000007ee2e0000, 0x00000007ee317d30, 0x00000007ee3a0000)
  to   space 768K,   0% used [0x00000007ee220000, 0x00000007ee220000, 0x00000007ee2e0000)
 tenured generation   total 15576K, used 12639K [0x00000007f2200000, 0x00000007f3136000, 0x00000007fae00000)
   the space 15576K,  81% used [0x00000007f2200000, 0x00000007f2e57dd8, 0x00000007f2e57e00, 0x00000007f3136000)
 compacting perm gen  total 21248K, used 14214K [0x00000007fae00000, 0x00000007fc2c0000, 0x0000000800000000)
   the space 21248K,  66% used [0x00000007fae00000, 0x00000007fbbe1980, 0x00000007fbbe1a00, 0x00000007fc2c0000)
No shared spaces configured.
Event: 6.028 GC heap after
Heap after GC invocations=27 (full 1):
 def new generation   total 7040K, used 348K [0x00000007edc00000, 0x00000007ee3a0000, 0x00000007f2200000)
  eden space 6272K,   0% used [0x00000007edc00000, 0x00000007edc00000, 0x00000007ee220000)
  from space 768K,  45% used [0x00000007ee220000, 0x00000007ee277210, 0x00000007ee2e0000)
  to   space 768K,   0% used [0x00000007ee2e0000, 0x00000007ee2e0000, 0x00000007ee3a0000)
 tenured generation   total 15576K, used 12640K [0x00000007f2200000, 0x00000007f3136000, 0x00000007fae00000)
   the space 15576K,  81% used [0x00000007f2200000, 0x00000007f2e581c8, 0x00000007f2e58200, 0x00000007f3136000)
 compacting perm gen  total 21248K, used 14214K [0x00000007fae00000, 0x00000007fc2c0000, 0x0000000800000000)
   the space 21248K,  66% used [0x00000007fae00000, 0x00000007fbbe1980, 0x00000007fbbe1a00, 0x00000007fc2c0000)
No shared spaces configured.
}
Event: 6.233 GC heap before
{Heap before GC invocations=27 (full 1):
 def new generation   total 7040K, used 6620K [0x00000007edc00000, 0x00000007ee3a0000, 0x00000007f2200000)
  eden space 6272K, 100% used [0x00000007edc00000, 0x00000007ee220000, 0x00000007ee220000)
  from space 768K,  45% used [0x00000007ee220000, 0x00000007ee277210, 0x00000007ee2e0000)
  to   space 768K,   0% used [0x00000007ee2e0000, 0x00000007ee2e0000, 0x00000007ee3a0000)
 tenured generation   total 15576K, used 12640K [0x00000007f2200000, 0x00000007f3136000, 0x00000007fae00000)
   the space 15576K,  81% used [0x00000007f2200000, 0x00000007f2e581c8, 0x00000007f2e58200, 0x00000007f3136000)
 compacting perm gen  total 21248K, used 15535K [0x00000007fae00000, 0x00000007fc2c0000, 0x0000000800000000)
   the space 21248K,  73% used [0x00000007fae00000, 0x00000007fbd2bec8, 0x00000007fbd2c000, 0x00000007fc2c0000)
No shared spaces configured.
Event: 6.280 GC heap after
Heap after GC invocations=28 (full 2):
 def new generation   total 12096K, used 422K [0x00000007edc00000, 0x00000007ee920000, 0x00000007f2200000)
  eden space 10752K,   3% used [0x00000007edc00000, 0x00000007edc69a30, 0x00000007ee680000)
  from space 1344K,   0% used [0x00000007ee680000, 0x00000007ee680000, 0x00000007ee7d0000)
  to   space 1344K,   0% used [0x00000007ee7d0000, 0x00000007ee7d0000, 0x00000007ee920000)
 tenured generation   total 26748K, used 16047K [0x00000007f2200000, 0x00000007f3c1f000, 0x00000007fae00000)
   the space 26748K,  59% used [0x00000007f2200000, 0x00000007f31abff8, 0x00000007f31ac000, 0x00000007f3c1f000)
 compacting perm gen  total 21248K, used 15535K [0x00000007fae00000, 0x00000007fc2c0000, 0x0000000800000000)
   the space 21248K,  73% used [0x00000007fae00000, 0x00000007fbd2bec8, 0x00000007fbd2c000, 0x00000007fc2c0000)
No shared spaces configured.
}

