# JRE version: 7.0_21-b12
# Java VM: Java HotSpot(TM) 64-Bit Server VM (23.21-b01 mixed mode bsd-amd64 compressed oops)
Heap
 def new generation   total 12544K, used 6879K [0x00000007edc00000, 0x00000007ee990000, 0x00000007f2200000)
  eden space 11200K,  61% used [0x00000007edc00000, 0x00000007ee2b7e68, 0x00000007ee6f0000)
  from space 1344K,   0% used [0x00000007ee6f0000, 0x00000007ee6f0000, 0x00000007ee840000)
  to   space 1344K,   0% used [0x00000007ee840000, 0x00000007ee840000, 0x00000007ee990000)
 tenured generation   total 27692K, used 16615K [0x00000007f2200000, 0x00000007f3d0b000, 0x00000007fae00000)
   the space 27692K,  59% used [0x00000007f2200000, 0x00000007f3239c18, 0x00000007f3239e00, 0x00000007f3d0b000)
 compacting perm gen  total 21248K, used 15713K [0x00000007fae00000, 0x00000007fc2c0000, 0x0000000800000000)
   the space 21248K,  73% used [0x00000007fae00000, 0x00000007fbd584e0, 0x00000007fbd58600, 0x00000007fc2c0000)
GC Heap History (10 events):
Event: 8.556 GC heap before
{Heap before GC invocations=37 (full 1):
 def new generation   total 7232K, used 6520K [0x00000007edc00000, 0x00000007ee3d0000, 0x00000007f2200000)
  eden space 6464K,  99% used [0x00000007edc00000, 0x00000007ee24fc38, 0x00000007ee250000)
  from space 768K,   7% used [0x00000007ee250000, 0x00000007ee25e6e0, 0x00000007ee310000)
  to   space 768K,   0% used [0x00000007ee310000, 0x00000007ee310000, 0x00000007ee3d0000)
 tenured generation   total 15896K, used 13067K [0x00000007f2200000, 0x00000007f3186000, 0x00000007fae00000)
   the space 15896K,  82% used [0x00000007f2200000, 0x00000007f2ec2de0, 0x00000007f2ec2e00, 0x00000007f3186000)
 compacting perm gen  total 21248K, used 13426K [0x00000007fae00000, 0x00000007fc2c0000, 0x0000000800000000)
   the space 21248K,  63% used [0x00000007fae00000, 0x00000007fbb1ca90, 0x00000007fbb1cc00, 0x00000007fc2c0000)
No shared spaces configured.
Event: 8.557 GC heap after
Heap after GC invocations=38 (full 1):
 def new generation   total 7232K, used 56K [0x00000007edc00000, 0x00000007ee3d0000, 0x00000007f2200000)
  eden space 6464K,   0% used [0x00000007edc00000, 0x00000007edc00000, 0x00000007ee250000)
  from space 768K,   7% used [0x00000007ee310000, 0x00000007ee31e2b0, 0x00000007ee3d0000)
  to   space 768K,   0% used [0x00000007ee250000, 0x00000007ee250000, 0x00000007ee310000)
 tenured generation   total 15896K, used 13067K [0x00000007f2200000, 0x00000007f3186000, 0x00000007fae00000)
   the space 15896K,  82% used [0x00000007f2200000, 0x00000007f2ec2f58, 0x00000007f2ec3000, 0x00000007f3186000)
 compacting perm gen  total 21248K, used 13426K [0x00000007fae00000, 0x00000007fc2c0000, 0x0000000800000000)
   the space 21248K,  63% used [0x00000007fae00000, 0x00000007fbb1ca90, 0x00000007fbb1cc00, 0x00000007fc2c0000)
No shared spaces configured.
}
Event: 8.707 GC heap before
{Heap before GC invocations=38 (full 1):
 def new generation   total 7232K, used 6520K [0x00000007edc00000, 0x00000007ee3d0000, 0x00000007f2200000)
  eden space 6464K, 100% used [0x00000007edc00000, 0x00000007ee250000, 0x00000007ee250000)
  from space 768K,   7% used [0x00000007ee310000, 0x00000007ee31e2b0, 0x00000007ee3d0000)
  to   space 768K,   0% used [0x00000007ee250000, 0x00000007ee250000, 0x00000007ee310000)
 tenured generation   total 15896K, used 13067K [0x00000007f2200000, 0x00000007f3186000, 0x00000007fae00000)
   the space 15896K,  82% used [0x00000007f2200000, 0x00000007f2ec2f58, 0x00000007f2ec3000, 0x00000007f3186000)
 compacting perm gen  total 21248K, used 13427K [0x00000007fae00000, 0x00000007fc2c0000, 0x0000000800000000)
   the space 21248K,  63% used [0x00000007fae00000, 0x00000007fbb1cc68, 0x00000007fbb1ce00, 0x00000007fc2c0000)
No shared spaces configured.
Event: 8.708 GC heap after
Heap after GC invocations=39 (full 1):
 def new generation   total 7232K, used 55K [0x00000007edc00000, 0x00000007ee3d0000, 0x00000007f2200000)
  eden space 6464K,   0% used [0x00000007edc00000, 0x00000007edc00000, 0x00000007ee250000)
  from space 768K,   7% used [0x00000007ee250000, 0x00000007ee25de40, 0x00000007ee310000)
  to   space 768K,   0% used [0x00000007ee310000, 0x00000007ee310000, 0x00000007ee3d0000)
 tenured generation   total 15896K, used 13067K [0x00000007f2200000, 0x00000007f3186000, 0x00000007fae00000)
   the space 15896K,  82% used [0x00000007f2200000, 0x00000007f2ec2fa0, 0x00000007f2ec3000, 0x00000007f3186000)
 compacting perm gen  total 21248K, used 13427K [0x00000007fae00000, 0x00000007fc2c0000, 0x0000000800000000)
   the space 21248K,  63% used [0x00000007fae00000, 0x00000007fbb1cc68, 0x00000007fbb1ce00, 0x00000007fc2c0000)
No shared spaces configured.
}
Event: 8.861 GC heap before
{Heap before GC invocations=39 (full 1):
 def new generation   total 7232K, used 6519K [0x00000007edc00000, 0x00000007ee3d0000, 0x00000007f2200000)
  eden space 6464K, 100% used [0x00000007edc00000, 0x00000007ee250000, 0x00000007ee250000)
  from space 768K,   7% used [0x00000007ee250000, 0x00000007ee25de40, 0x00000007ee310000)
  to   space 768K,   0% used [0x00000007ee310000, 0x00000007ee310000, 0x00000007ee3d0000)
 tenured generation   total 15896K, used 13067K [0x00000007f2200000, 0x00000007f3186000, 0x00000007fae00000)
   the space 15896K,  82% used [0x00000007f2200000, 0x00000007f2ec2fa0, 0x00000007f2ec3000, 0x00000007f3186000)
 compacting perm gen  total 21248K, used 13429K [0x00000007fae00000, 0x00000007fc2c0000, 0x0000000800000000)
   the space 21248K,  63% used [0x00000007fae00000, 0x00000007fbb1d428, 0x00000007fbb1d600, 0x00000007fc2c0000)
No shared spaces configured.
Event: 8.861 GC heap after
Heap after GC invocations=40 (full 1):
 def new generation   total 7232K, used 54K [0x00000007edc00000, 0x00000007ee3d0000, 0x00000007f2200000)
  eden space 6464K,   0% used [0x00000007edc00000, 0x00000007edc00000, 0x00000007ee250000)
  from space 768K,   7% used [0x00000007ee310000, 0x00000007ee31da70, 0x00000007ee3d0000)
  to   space 768K,   0% used [0x00000007ee250000, 0x00000007ee250000, 0x00000007ee310000)
 tenured generation   total 15896K, used 13068K [0x00000007f2200000, 0x00000007f3186000, 0x00000007fae00000)
   the space 15896K,  82% used [0x00000007f2200000, 0x00000007f2ec3128, 0x00000007f2ec3200, 0x00000007f3186000)
 compacting perm gen  total 21248K, used 13429K [0x00000007fae00000, 0x00000007fc2c0000, 0x0000000800000000)
   the space 21248K,  63% used [0x00000007fae00000, 0x00000007fbb1d428, 0x00000007fbb1d600, 0x00000007fc2c0000)
No shared spaces configured.
}
Event: 9.150 GC heap before
{Heap before GC invocations=40 (full 1):
 def new generation   total 7232K, used 6392K [0x00000007edc00000, 0x00000007ee3d0000, 0x00000007f2200000)
  eden space 6464K,  98% used [0x00000007edc00000, 0x00000007ee2306a0, 0x00000007ee250000)
  from space 768K,   7% used [0x00000007ee310000, 0x00000007ee31da70, 0x00000007ee3d0000)
  to   space 768K,   0% used [0x00000007ee250000, 0x00000007ee250000, 0x00000007ee310000)
 tenured generation   total 15896K, used 13068K [0x00000007f2200000, 0x00000007f3186000, 0x00000007fae00000)
   the space 15896K,  82% used [0x00000007f2200000, 0x00000007f2ec3128, 0x00000007f2ec3200, 0x00000007f3186000)
 compacting perm gen  total 21248K, used 15222K [0x00000007fae00000, 0x00000007fc2c0000, 0x0000000800000000)
   the space 21248K,  71% used [0x00000007fae00000, 0x00000007fbcdd898, 0x00000007fbcdda00, 0x00000007fc2c0000)
No shared spaces configured.
Event: 9.154 GC heap after
Heap after GC invocations=41 (full 1):
 def new generation   total 7232K, used 579K [0x00000007edc00000, 0x00000007ee3d0000, 0x00000007f2200000)
  eden space 6464K,   0% used [0x00000007edc00000, 0x00000007edc00000, 0x00000007ee250000)
  from space 768K,  75% used [0x00000007ee250000, 0x00000007ee2e0ed8, 0x00000007ee310000)
  to   space 768K,   0% used [0x00000007ee310000, 0x00000007ee310000, 0x00000007ee3d0000)
 tenured generation   total 15896K, used 13068K [0x00000007f2200000, 0x00000007f3186000, 0x00000007fae00000)
   the space 15896K,  82% used [0x00000007f2200000, 0x00000007f2ec31e0, 0x00000007f2ec3200, 0x00000007f3186000)
 compacting perm gen  total 21248K, used 15222K [0x00000007fae00000, 0x00000007fc2c0000, 0x0000000800000000)
   the space 21248K,  71% used [0x00000007fae00000, 0x00000007fbcdd898, 0x00000007fbcdda00, 0x00000007fc2c0000)
No shared spaces configured.
}
Event: 9.335 GC heap before
{Heap before GC invocations=41 (full 1):
 def new generation   total 7232K, used 7043K [0x00000007edc00000, 0x00000007ee3d0000, 0x00000007f2200000)
  eden space 6464K, 100% used [0x00000007edc00000, 0x00000007ee250000, 0x00000007ee250000)
  from space 768K,  75% used [0x00000007ee250000, 0x00000007ee2e0ed8, 0x00000007ee310000)
  to   space 768K,   0% used [0x00000007ee310000, 0x00000007ee310000, 0x00000007ee3d0000)
 tenured generation   total 15896K, used 13068K [0x00000007f2200000, 0x00000007f3186000, 0x00000007fae00000)
   the space 15896K,  82% used [0x00000007f2200000, 0x00000007f2ec31e0, 0x00000007f2ec3200, 0x00000007f3186000)
 compacting perm gen  total 21248K, used 15588K [0x00000007fae00000, 0x00000007fc2c0000, 0x0000000800000000)
   the space 21248K,  73% used [0x00000007fae00000, 0x00000007fbd39188, 0x00000007fbd39200, 0x00000007fc2c0000)
No shared spaces configured.
Event: 9.380 GC heap after
Heap after GC invocations=42 (full 2):
 def new generation   total 12544K, used 0K [0x00000007edc00000, 0x00000007ee990000, 0x00000007f2200000)
  eden space 11200K,   0% used [0x00000007edc00000, 0x00000007edc00000, 0x00000007ee6f0000)
  from space 1344K,   0% used [0x00000007ee6f0000, 0x00000007ee6f0000, 0x00000007ee840000)
  to   space 1344K,   0% used [0x00000007ee840000, 0x00000007ee840000, 0x00000007ee990000)
 tenured generation   total 27692K, used 16615K [0x00000007f2200000, 0x00000007f3d0b000, 0x00000007fae00000)
   the space 27692K,  59% used [0x00000007f2200000, 0x00000007f3239c18, 0x00000007f3239e00, 0x00000007f3d0b000)
 compacting perm gen  total 21248K, used 15588K [0x00000007fae00000, 0x00000007fc2c0000, 0x0000000800000000)
   the space 21248K,  73% used [0x00000007fae00000, 0x00000007fbd39188, 0x00000007fbd39200, 0x00000007fc2c0000)
No shared spaces configured.
}

